Сборка начата 07.03.2020 14:26:48.
     1>Проект "D:\Матпрога\Lab1\Lab1\Lab1.vcxproj" в узле 2 (целевые объекты Build).
     1>InitializeBuildStatus:
         Создание "Debug\Lab1.tlog\unsuccessfulbuild", так как было задано "AlwaysCreate".
       ClCompile:
         C:\Program Files (x86)\Microsoft Visual Studio\2017\Community\VC\Tools\MSVC\14.16.27023\bin\HostX86\x86\CL.exe /c /ZI /JMC /nologo /W3 /WX- /diagnostics:classic /sdl /Od /Oy- /D _MBCS /Gm- /EHsc /RTC1 /MDd /GS /fp:precise /permissive- /Zc:wchar_t /Zc:forScope /Zc:inline /Fo"Debug\\" /Fd"Debug\vc141.pdb" /Gd /TP /analyze- /FC /errorReport:prompt Source.cpp
         Source.cpp
     1>d:\матпрога\lab1\lab1\source.cpp(8): warning C4326: возвращаемый тип "main" должен быть "int", а не "void"
       Link:
         C:\Program Files (x86)\Microsoft Visual Studio\2017\Community\VC\Tools\MSVC\14.16.27023\bin\HostX86\x86\link.exe /ERRORREPORT:PROMPT /OUT:"D:\Матпрога\Lab1\Debug\Lab1.exe" /INCREMENTAL /NOLOGO kernel32.lib user32.lib gdi32.lib winspool.lib comdlg32.lib advapi32.lib shell32.lib ole32.lib oleaut32.lib uuid.lib odbc32.lib odbccp32.lib /MANIFEST /MANIFESTUAC:"level='asInvoker' uiAccess='false'" /manifest:embed /DEBUG:FASTLINK /PDB:"D:\Матпрога\Lab1\Debug\Lab1.pdb" /SUBSYSTEM:CONSOLE /TLBID:1 /DYNAMICBASE /NXCOMPAT /IMPLIB:"D:\Матпрога\Lab1\Debug\Lab1.lib" /MACHINE:X86 Debug\Auxil.obj
         Debug\Source.obj
         Lab1.vcxproj -> D:\Матпрога\Lab1\Debug\Lab1.exe
       FinalizeBuildStatus:
         Файл "Debug\Lab1.tlog\unsuccessfulbuild" удаляется.
         Обращение к "Debug\Lab1.tlog\Lab1.lastbuildstate".
     1>Сборка проекта "D:\Матпрога\Lab1\Lab1\Lab1.vcxproj" завершена (целевые объекты Build).

Сборка успешно завершена.

       "D:\Матпрога\Lab1\Lab1\Lab1.vcxproj" (целевой объект Build ) (1) ->
       (ClCompile конечный объект) -> 
         d:\матпрога\lab1\lab1\source.cpp(8): warning C4326: возвращаемый тип "main" должен быть "int", а не "void"

    Предупреждений: 1
    Ошибок: 0

Прошло времени 00:00:01.09
