Сборка начата 30.05.2020 15:10:52.
     1>Проект "D:\Матпрога\Lab4\Lab4\Lab4.vcxproj" в узле 2 (целевые объекты Build).
     1>InitializeBuildStatus:
         Создание "Debug\Lab4.tlog\unsuccessfulbuild", так как было задано "AlwaysCreate".
       ClCompile:
         C:\Program Files (x86)\Microsoft Visual Studio\2017\Community\VC\Tools\MSVC\14.16.27023\bin\HostX86\x86\CL.exe /c /ZI /JMC /nologo /W3 /WX- /diagnostics:classic /sdl /Od /Oy- /D _MBCS /Gm- /EHsc /RTC1 /MDd /GS /fp:precise /permissive- /Zc:wchar_t /Zc:forScope /Zc:inline /Fo"Debug\\" /Fd"Debug\vc141.pdb" /Gd /TP /analyze- /FC /errorReport:prompt Source.cpp
         Source.cpp
     1>d:\матпрога\lab4\lab4\source.cpp(10): warning C4326: возвращаемый тип "main" должен быть "int", а не "void"
     1>d:\матпрога\lab4\lab4\source.cpp(13): warning C4244: аргумент: преобразование "time_t" в "unsigned int", возможна потеря данных
       Link:
         C:\Program Files (x86)\Microsoft Visual Studio\2017\Community\VC\Tools\MSVC\14.16.27023\bin\HostX86\x86\link.exe /ERRORREPORT:PROMPT /OUT:"D:\Матпрога\Lab4\Debug\Lab4.exe" /INCREMENTAL /NOLOGO kernel32.lib user32.lib gdi32.lib winspool.lib comdlg32.lib advapi32.lib shell32.lib ole32.lib oleaut32.lib uuid.lib odbc32.lib odbccp32.lib /MANIFEST /MANIFESTUAC:"level='asInvoker' uiAccess='false'" /manifest:embed /DEBUG:FASTLINK /PDB:"D:\Матпрога\Lab4\Debug\Lab4.pdb" /SUBSYSTEM:CONSOLE /TLBID:1 /DYNAMICBASE /NXCOMPAT /IMPLIB:"D:\Матпрога\Lab4\Debug\Lab4.lib" /MACHINE:X86 Debug\LCS.obj
         Debug\Levenstein.obj
         Debug\Source.obj
         Lab4.vcxproj -> D:\Матпрога\Lab4\Debug\Lab4.exe
       FinalizeBuildStatus:
         Файл "Debug\Lab4.tlog\unsuccessfulbuild" удаляется.
         Обращение к "Debug\Lab4.tlog\Lab4.lastbuildstate".
     1>Сборка проекта "D:\Матпрога\Lab4\Lab4\Lab4.vcxproj" завершена (целевые объекты Build).

Сборка успешно завершена.

       "D:\Матпрога\Lab4\Lab4\Lab4.vcxproj" (целевой объект Build ) (1) ->
       (ClCompile конечный объект) -> 
         d:\матпрога\lab4\lab4\source.cpp(10): warning C4326: возвращаемый тип "main" должен быть "int", а не "void"
         d:\матпрога\lab4\lab4\source.cpp(13): warning C4244: аргумент: преобразование "time_t" в "unsigned int", возможна потеря данных

    Предупреждений: 2
    Ошибок: 0

Прошло времени 00:00:02.87
